0 info it worked if it ends with ok
1 verbose cli [ 'node', '/usr/local/bin/npm', 'run', 'dev' ]
2 info using npm@2.14.9
3 info using node@v0.12.8
4 verbose node symlink /usr/local/bin/node
5 verbose stack Error: missing script: dev
5 verbose stack     at run (/usr/local/lib/node_modules/npm/lib/run-script.js:142:19)
5 verbose stack     at /usr/local/lib/node_modules/npm/lib/run-script.js:58:5
5 verbose stack     at /usr/local/lib/node_modules/npm/node_modules/read-package-json/read-json.js:345:5
5 verbose stack     at checkBinReferences_ (/usr/local/lib/node_modules/npm/node_modules/read-package-json/read-json.js:309:45)
5 verbose stack     at final (/usr/local/lib/node_modules/npm/node_modules/read-package-json/read-json.js:343:3)
5 verbose stack     at then (/usr/local/lib/node_modules/npm/node_modules/read-package-json/read-json.js:113:5)
5 verbose stack     at /usr/local/lib/node_modules/npm/node_modules/read-package-json/read-json.js:232:12
5 verbose stack     at /usr/local/lib/node_modules/npm/node_modules/graceful-fs/graceful-fs.js:76:16
5 verbose stack     at fs.js:334:14
5 verbose stack     at /usr/local/lib/node_modules/npm/node_modules/graceful-fs/graceful-fs.js:42:10
6 verbose cwd /Users/unakravets/Desktop/Dev/toolsday
7 error Darwin 14.5.0
8 error argv "node" "/usr/local/bin/npm" "run" "dev"
9 error node v0.12.8
10 error npm  v2.14.9
11 error missing script: dev
12 error If you need help, you may report this error at:
12 error     <https://github.com/npm/npm/issues>
13 verbose exit [ 1, true ]
